{"/Users/joaovictorlobao/weather-challenge/index.js": {"path":"/Users/joaovictorlobao/weather-challenge/index.js","statementMap":{"0":{"start":{"line":9,"column":0},"end":{"line":9,"column":27}}},"fnMap":{},"branchMap":{},"s":{"0":0},"f":{},"b":{}}
,"/Users/joaovictorlobao/weather-challenge/metro.config.js": {"path":"/Users/joaovictorlobao/weather-challenge/metro.config.js","statementMap":{"0":{"start":{"line":2,"column":29},"end":{"line":2,"column":57}},"1":{"start":{"line":3,"column":0},"end":{"line":16,"column":5}},"2":{"start":{"line":6,"column":6},"end":{"line":6,"column":39}},"3":{"start":{"line":7,"column":2},"end":{"line":15,"column":4}},"4":{"start":{"line":12,"column":41},"end":{"line":12,"column":54}}},"fnMap":{"0":{"name":"(anonymous_0)","decl":{"start":{"line":3,"column":18},"end":{"line":3,"column":19}},"loc":{"start":{"line":3,"column":30},"end":{"line":16,"column":1}},"line":3},"1":{"name":"(anonymous_1)","decl":{"start":{"line":12,"column":34},"end":{"line":12,"column":35}},"loc":{"start":{"line":12,"column":41},"end":{"line":12,"column":54}},"line":12}},"branchMap":{},"s":{"0":0,"1":0,"2":0,"3":0,"4":0},"f":{"0":0,"1":0},"b":{}}
}
